<?xml version="1.0" encoding="UTF-8"?>
<testsuite xmlns:xsi="http://www.w3.org/2001/XMLSchema-instance" xsi:noNamespaceSchemaLocation="https://maven.apache.org/surefire/maven-surefire-plugin/xsd/surefire-test-report.xsd" name="com.lucky.jacklamb.AppTest" time="0.039" tests="1" errors="0" skipped="0" failures="0">
  <properties>
    <property name="sun.desktop" value="windows"/>
    <property name="awt.toolkit" value="sun.awt.windows.WToolkit"/>
    <property name="file.encoding.pkg" value="sun.io"/>
    <property name="java.specification.version" value="1.8"/>
    <property name="sun.cpu.isalist" value="amd64"/>
    <property name="sun.jnu.encoding" value="GBK"/>
    <property name="java.class.path" value="D:\GitHub-Project\lucky-noxml\target\test-classes;D:\GitHub-Project\lucky-noxml\target\classes;E:\Maven\RepMaven\com\mchange\c3p0\0.9.5.5\c3p0-0.9.5.5.jar;E:\Maven\RepMaven\cglib\cglib-nodep\2.2\cglib-nodep-2.2.jar;E:\Maven\RepMaven\log4j\log4j\1.2.17\log4j-1.2.17.jar;E:\Maven\RepMaven\org\slf4j\slf4j-api\1.7.25\slf4j-api-1.7.25.jar;E:\Maven\RepMaven\org\slf4j\slf4j-log4j12\1.7.25\slf4j-log4j12-1.7.25.jar;E:\Maven\RepMaven\org\apache\tomcat\annotations-api\6.0.14\annotations-api-6.0.14.jar;E:\Maven\RepMaven\commons-cli\commons-cli\1.2\commons-cli-1.2.jar;E:\Maven\RepMaven\commons-fileupload\commons-fileupload\1.3.3\commons-fileupload-1.3.3.jar;E:\Maven\RepMaven\commons-io\commons-io\2.4\commons-io-2.4.jar;E:\Maven\RepMaven\org\eclipse\jdt\core\compiler\ecj\4.4.2\ecj-4.4.2.jar;E:\Maven\RepMaven\com\mchange\mchange-commons-java\0.2.11\mchange-commons-java-0.2.11.jar;E:\Maven\RepMaven\org\apache\tomcat\tomcat-dbcp\9.0.31\tomcat-dbcp-9.0.31.jar;E:\Maven\RepMaven\org\apache\tomcat\tomcat-juli\9.0.31\tomcat-juli-9.0.31.jar;E:\Maven\RepMaven\org\apache\tomcat\embed\tomcat-embed-core\8.5.34\tomcat-embed-core-8.5.34.jar;E:\Maven\RepMaven\org\apache\tomcat\tomcat-annotations-api\8.5.34\tomcat-annotations-api-8.5.34.jar;E:\Maven\RepMaven\org\apache\tomcat\embed\tomcat-embed-el\8.5.32\tomcat-embed-el-8.5.32.jar;E:\Maven\RepMaven\org\apache\tomcat\embed\tomcat-embed-jasper\8.5.32\tomcat-embed-jasper-8.5.32.jar;E:\Maven\RepMaven\org\eclipse\jdt\ecj\3.12.3\ecj-3.12.3.jar;E:\Maven\RepMaven\org\apache\tomcat\embed\tomcat-embed-websocket\8.5.32\tomcat-embed-websocket-8.5.32.jar;E:\Maven\RepMaven\junit\junit\4.13\junit-4.13.jar;E:\Maven\RepMaven\org\hamcrest\hamcrest-core\1.3\hamcrest-core-1.3.jar;E:\Maven\RepMaven\org\ow2\asm\asm\5.0.4\asm-5.0.4.jar;E:\Maven\RepMaven\org\apache\httpcomponents\httpclient\4.5.2\httpclient-4.5.2.jar;E:\Maven\RepMaven\org\apache\httpcomponents\httpcore\4.4.4\httpcore-4.4.4.jar;E:\Maven\RepMaven\commons-logging\commons-logging\1.2\commons-logging-1.2.jar;E:\Maven\RepMaven\commons-codec\commons-codec\1.9\commons-codec-1.9.jar;"/>
    <property name="java.vm.vendor" value="Oracle Corporation"/>
    <property name="sun.arch.data.model" value="64"/>
    <property name="user.variant" value=""/>
    <property name="java.vendor.url" value="http://java.oracle.com/"/>
    <property name="user.timezone" value="Asia/Shanghai"/>
    <property name="java.vm.specification.version" value="1.8"/>
    <property name="os.name" value="Windows 10"/>
    <property name="user.country" value="CN"/>
    <property name="sun.java.launcher" value="SUN_STANDARD"/>
    <property name="sun.boot.library.path" value="C:\Program Files\Java\jdk1.8.0_161\jre\bin"/>
    <property name="sun.java.command" value="C:\Users\DELL\AppData\Local\Temp\surefire1595038871936322668\surefirebooter4684350589806911158.jar C:\Users\DELL\AppData\Local\Temp\surefire1595038871936322668 2020-04-15T15-07-19_705-jvmRun1 surefire8558917835284394415tmp surefire_01359675640101711534tmp"/>
    <property name="surefire.test.class.path" value="D:\GitHub-Project\lucky-noxml\target\test-classes;D:\GitHub-Project\lucky-noxml\target\classes;E:\Maven\RepMaven\com\mchange\c3p0\0.9.5.5\c3p0-0.9.5.5.jar;E:\Maven\RepMaven\cglib\cglib-nodep\2.2\cglib-nodep-2.2.jar;E:\Maven\RepMaven\log4j\log4j\1.2.17\log4j-1.2.17.jar;E:\Maven\RepMaven\org\slf4j\slf4j-api\1.7.25\slf4j-api-1.7.25.jar;E:\Maven\RepMaven\org\slf4j\slf4j-log4j12\1.7.25\slf4j-log4j12-1.7.25.jar;E:\Maven\RepMaven\org\apache\tomcat\annotations-api\6.0.14\annotations-api-6.0.14.jar;E:\Maven\RepMaven\commons-cli\commons-cli\1.2\commons-cli-1.2.jar;E:\Maven\RepMaven\commons-fileupload\commons-fileupload\1.3.3\commons-fileupload-1.3.3.jar;E:\Maven\RepMaven\commons-io\commons-io\2.4\commons-io-2.4.jar;E:\Maven\RepMaven\org\eclipse\jdt\core\compiler\ecj\4.4.2\ecj-4.4.2.jar;E:\Maven\RepMaven\com\mchange\mchange-commons-java\0.2.11\mchange-commons-java-0.2.11.jar;E:\Maven\RepMaven\org\apache\tomcat\tomcat-dbcp\9.0.31\tomcat-dbcp-9.0.31.jar;E:\Maven\RepMaven\org\apache\tomcat\tomcat-juli\9.0.31\tomcat-juli-9.0.31.jar;E:\Maven\RepMaven\org\apache\tomcat\embed\tomcat-embed-core\8.5.34\tomcat-embed-core-8.5.34.jar;E:\Maven\RepMaven\org\apache\tomcat\tomcat-annotations-api\8.5.34\tomcat-annotations-api-8.5.34.jar;E:\Maven\RepMaven\org\apache\tomcat\embed\tomcat-embed-el\8.5.32\tomcat-embed-el-8.5.32.jar;E:\Maven\RepMaven\org\apache\tomcat\embed\tomcat-embed-jasper\8.5.32\tomcat-embed-jasper-8.5.32.jar;E:\Maven\RepMaven\org\eclipse\jdt\ecj\3.12.3\ecj-3.12.3.jar;E:\Maven\RepMaven\org\apache\tomcat\embed\tomcat-embed-websocket\8.5.32\tomcat-embed-websocket-8.5.32.jar;E:\Maven\RepMaven\junit\junit\4.13\junit-4.13.jar;E:\Maven\RepMaven\org\hamcrest\hamcrest-core\1.3\hamcrest-core-1.3.jar;E:\Maven\RepMaven\org\ow2\asm\asm\5.0.4\asm-5.0.4.jar;E:\Maven\RepMaven\org\apache\httpcomponents\httpclient\4.5.2\httpclient-4.5.2.jar;E:\Maven\RepMaven\org\apache\httpcomponents\httpcore\4.4.4\httpcore-4.4.4.jar;E:\Maven\RepMaven\commons-logging\commons-logging\1.2\commons-logging-1.2.jar;E:\Maven\RepMaven\commons-codec\commons-codec\1.9\commons-codec-1.9.jar;"/>
    <property name="sun.cpu.endian" value="little"/>
    <property name="user.home" value="C:\Users\DELL"/>
    <property name="user.language" value="zh"/>
    <property name="java.specification.vendor" value="Oracle Corporation"/>
    <property name="java.home" value="C:\Program Files\Java\jdk1.8.0_161\jre"/>
    <property name="basedir" value="D:\GitHub-Project\lucky-noxml"/>
    <property name="file.separator" value="\"/>
    <property name="line.separator" value="&#10;"/>
    <property name="java.vm.specification.vendor" value="Oracle Corporation"/>
    <property name="java.specification.name" value="Java Platform API Specification"/>
    <property name="java.awt.graphicsenv" value="sun.awt.Win32GraphicsEnvironment"/>
    <property name="surefire.real.class.path" value="C:\Users\DELL\AppData\Local\Temp\surefire1595038871936322668\surefirebooter4684350589806911158.jar"/>
    <property name="sun.boot.class.path" value="C:\Program Files\Java\jdk1.8.0_161\jre\lib\resources.jar;C:\Program Files\Java\jdk1.8.0_161\jre\lib\rt.jar;C:\Program Files\Java\jdk1.8.0_161\jre\lib\sunrsasign.jar;C:\Program Files\Java\jdk1.8.0_161\jre\lib\jsse.jar;C:\Program Files\Java\jdk1.8.0_161\jre\lib\jce.jar;C:\Program Files\Java\jdk1.8.0_161\jre\lib\charsets.jar;C:\Program Files\Java\jdk1.8.0_161\jre\lib\jfr.jar;C:\Program Files\Java\jdk1.8.0_161\jre\classes"/>
    <property name="user.script" value=""/>
    <property name="sun.management.compiler" value="HotSpot 64-Bit Tiered Compilers"/>
    <property name="java.runtime.version" value="1.8.0_161-b12"/>
    <property name="user.name" value="DELL"/>
    <property name="path.separator" value=";"/>
    <property name="os.version" value="10.0"/>
    <property name="java.endorsed.dirs" value="C:\Program Files\Java\jdk1.8.0_161\jre\lib\endorsed"/>
    <property name="java.runtime.name" value="Java(TM) SE Runtime Environment"/>
    <property name="file.encoding" value="GBK"/>
    <property name="java.vm.name" value="Java HotSpot(TM) 64-Bit Server VM"/>
    <property name="localRepository" value="E:\Maven\RepMaven"/>
    <property name="java.vendor.url.bug" value="http://bugreport.sun.com/bugreport/"/>
    <property name="java.io.tmpdir" value="C:\Users\DELL\AppData\Local\Temp\"/>
    <property name="java.version" value="1.8.0_161"/>
    <property name="user.dir" value="D:\GitHub-Project\lucky-noxml"/>
    <property name="os.arch" value="amd64"/>
    <property name="java.vm.specification.name" value="Java Virtual Machine Specification"/>
    <property name="java.awt.printerjob" value="sun.awt.windows.WPrinterJob"/>
    <property name="sun.os.patch.level" value=""/>
    <property name="idea.version2019.1.1" value="true"/>
    <property name="java.library.path" value="C:\Program Files\Java\jdk1.8.0_161\jre\bin;C:\WINDOWS\Sun\Java\bin;C:\WINDOWS\system32;C:\WINDOWS;E:\app\DELL\product\11.2.0\dbhome_1\bin;C:\Program Files (x86)\NetSarang\Xftp 6\;E:\xshell\;C:\ProgramData\Oracle\Java\javapath;C:\WINDOWS\system32;C:\WINDOWS;C:\WINDOWS\System32\Wbem;C:\WINDOWS\System32\WindowsPowerShell\v1.0\;C:\WINDOWS\System32\OpenSSH\;C:\Program Files\Java\jdk1.8.0_161\bin;C:\Program Files\Java\jdk1.8.0_161\jre\bin;D:\Program Files\Apache\maven-3.6.1\bin\;C:\Program Files (x86)\mysql-5.6.45-win32\bin;%CATALINA_HOME%\bin;%CATALINA_HOME%\lib;C:\Program Files\TortoiseSVN\bin;C:\Program Files\dotnet\;D:\Git\Git\cmd;C:\Program Files (x86)\Intel\Intel(R) Management Engine Components\DAL;C:\Program Files\Intel\Intel(R) Management Engine Components\DAL;C:\Users\DELL\AppData\Local\Microsoft\WindowsApps;C:\Users\DELL\AppData\Local\BypassRuntm;D:\Microsoft VS Code\bin;C:\Users\DELL\AppData\Local\Microsoft\WindowsApps;;."/>
    <property name="java.vm.info" value="mixed mode"/>
    <property name="java.vendor" value="Oracle Corporation"/>
    <property name="java.vm.version" value="25.161-b12"/>
    <property name="java.ext.dirs" value="C:\Program Files\Java\jdk1.8.0_161\jre\lib\ext;C:\WINDOWS\Sun\Java\lib\ext"/>
    <property name="sun.io.unicode.encoding" value="UnicodeLittle"/>
    <property name="maven.repo.local" value="E:\Maven\RepMaven"/>
    <property name="java.class.version" value="52.0"/>
  </properties>
  <testcase name="shouldAnswerWithTrue" classname="com.lucky.jacklamb.AppTest" time="0.003"/>
</testsuite>