<?xml version="1.0" encoding="UTF-8"?>
<testsuite xmlns:xsi="http://www.w3.org/2001/XMLSchema-instance" xsi:noNamespaceSchemaLocation="https://maven.apache.org/surefire/maven-surefire-plugin/xsd/surefire-test-report.xsd" name="com.lucky.jacklamb.AppTest" time="0.035" tests="1" errors="0" skipped="0" failures="0">
  <properties>
    <property name="gopherProxySet" value="false"/>
    <property name="awt.toolkit" value="sun.lwawt.macosx.LWCToolkit"/>
    <property name="file.encoding.pkg" value="sun.io"/>
    <property name="java.specification.version" value="1.8"/>
    <property name="sun.cpu.isalist" value=""/>
    <property name="sun.jnu.encoding" value="UTF-8"/>
    <property name="java.class.path" value="/Users/jackfu/IDEA-Lucky/lucky-noxml/target/test-classes:/Users/jackfu/IDEA-Lucky/lucky-noxml/target/classes:/Users/jackfu/Documents/MavenRepository/com/mchange/c3p0/0.9.5.2/c3p0-0.9.5.2.jar:/Users/jackfu/Documents/MavenRepository/cglib/cglib-nodep/2.2/cglib-nodep-2.2.jar:/Users/jackfu/Documents/MavenRepository/log4j/log4j/1.2.17/log4j-1.2.17.jar:/Users/jackfu/Documents/MavenRepository/org/slf4j/slf4j-api/1.7.25/slf4j-api-1.7.25.jar:/Users/jackfu/Documents/MavenRepository/org/slf4j/slf4j-log4j12/1.7.25/slf4j-log4j12-1.7.25.jar:/Users/jackfu/Documents/MavenRepository/org/apache/tomcat/annotations-api/6.0.14/annotations-api-6.0.14.jar:/Users/jackfu/Documents/MavenRepository/commons-cli/commons-cli/1.2/commons-cli-1.2.jar:/Users/jackfu/Documents/MavenRepository/commons-fileupload/commons-fileupload/1.3.3/commons-fileupload-1.3.3.jar:/Users/jackfu/Documents/MavenRepository/commons-io/commons-io/2.4/commons-io-2.4.jar:/Users/jackfu/Documents/MavenRepository/org/eclipse/jdt/core/compiler/ecj/4.4.2/ecj-4.4.2.jar:/Users/jackfu/Documents/MavenRepository/com/mchange/mchange-commons-java/0.2.11/mchange-commons-java-0.2.11.jar:/Users/jackfu/Documents/MavenRepository/org/apache/tomcat/tomcat-dbcp/9.0.31/tomcat-dbcp-9.0.31.jar:/Users/jackfu/Documents/MavenRepository/org/apache/tomcat/tomcat-juli/9.0.31/tomcat-juli-9.0.31.jar:/Users/jackfu/Documents/MavenRepository/org/apache/tomcat/embed/tomcat-embed-core/8.5.34/tomcat-embed-core-8.5.34.jar:/Users/jackfu/Documents/MavenRepository/org/apache/tomcat/tomcat-annotations-api/8.5.34/tomcat-annotations-api-8.5.34.jar:/Users/jackfu/Documents/MavenRepository/org/apache/tomcat/embed/tomcat-embed-el/8.5.32/tomcat-embed-el-8.5.32.jar:/Users/jackfu/Documents/MavenRepository/org/apache/tomcat/embed/tomcat-embed-jasper/8.5.23/tomcat-embed-jasper-8.5.23.jar:/Users/jackfu/Documents/MavenRepository/org/eclipse/jdt/ecj/3.12.3/ecj-3.12.3.jar:/Users/jackfu/Documents/MavenRepository/org/apache/tomcat/embed/tomcat-embed-websocket/8.5.32/tomcat-embed-websocket-8.5.32.jar:/Users/jackfu/Documents/MavenRepository/junit/junit/4.13/junit-4.13.jar:/Users/jackfu/Documents/MavenRepository/org/hamcrest/hamcrest-core/1.3/hamcrest-core-1.3.jar:/Users/jackfu/Documents/MavenRepository/org/ow2/asm/asm/5.0.4/asm-5.0.4.jar:"/>
    <property name="java.vm.vendor" value="Oracle Corporation"/>
    <property name="sun.arch.data.model" value="64"/>
    <property name="java.vendor.url" value="http://java.oracle.com/"/>
    <property name="user.timezone" value=""/>
    <property name="java.vm.specification.version" value="1.8"/>
    <property name="os.name" value="Mac OS X"/>
    <property name="user.country" value="CN"/>
    <property name="sun.java.launcher" value="SUN_STANDARD"/>
    <property name="sun.boot.library.path" value="/Library/Java/JavaVirtualMachines/jdk1.8.0_241.jdk/Contents/Home/jre/lib"/>
    <property name="sun.java.command" value="/Users/jackfu/IDEA-Lucky/lucky-noxml/target/surefire/surefirebooter5640897447131568895.jar /Users/jackfu/IDEA-Lucky/lucky-noxml/target/surefire 2020-04-01T21-50-31_079-jvmRun1 surefire8408141731569805497tmp surefire_03128513215550079734tmp"/>
    <property name="http.nonProxyHosts" value="local|*.local|169.254/16|*.169.254/16"/>
    <property name="surefire.test.class.path" value="/Users/jackfu/IDEA-Lucky/lucky-noxml/target/test-classes:/Users/jackfu/IDEA-Lucky/lucky-noxml/target/classes:/Users/jackfu/Documents/MavenRepository/com/mchange/c3p0/0.9.5.2/c3p0-0.9.5.2.jar:/Users/jackfu/Documents/MavenRepository/cglib/cglib-nodep/2.2/cglib-nodep-2.2.jar:/Users/jackfu/Documents/MavenRepository/log4j/log4j/1.2.17/log4j-1.2.17.jar:/Users/jackfu/Documents/MavenRepository/org/slf4j/slf4j-api/1.7.25/slf4j-api-1.7.25.jar:/Users/jackfu/Documents/MavenRepository/org/slf4j/slf4j-log4j12/1.7.25/slf4j-log4j12-1.7.25.jar:/Users/jackfu/Documents/MavenRepository/org/apache/tomcat/annotations-api/6.0.14/annotations-api-6.0.14.jar:/Users/jackfu/Documents/MavenRepository/commons-cli/commons-cli/1.2/commons-cli-1.2.jar:/Users/jackfu/Documents/MavenRepository/commons-fileupload/commons-fileupload/1.3.3/commons-fileupload-1.3.3.jar:/Users/jackfu/Documents/MavenRepository/commons-io/commons-io/2.4/commons-io-2.4.jar:/Users/jackfu/Documents/MavenRepository/org/eclipse/jdt/core/compiler/ecj/4.4.2/ecj-4.4.2.jar:/Users/jackfu/Documents/MavenRepository/com/mchange/mchange-commons-java/0.2.11/mchange-commons-java-0.2.11.jar:/Users/jackfu/Documents/MavenRepository/org/apache/tomcat/tomcat-dbcp/9.0.31/tomcat-dbcp-9.0.31.jar:/Users/jackfu/Documents/MavenRepository/org/apache/tomcat/tomcat-juli/9.0.31/tomcat-juli-9.0.31.jar:/Users/jackfu/Documents/MavenRepository/org/apache/tomcat/embed/tomcat-embed-core/8.5.34/tomcat-embed-core-8.5.34.jar:/Users/jackfu/Documents/MavenRepository/org/apache/tomcat/tomcat-annotations-api/8.5.34/tomcat-annotations-api-8.5.34.jar:/Users/jackfu/Documents/MavenRepository/org/apache/tomcat/embed/tomcat-embed-el/8.5.32/tomcat-embed-el-8.5.32.jar:/Users/jackfu/Documents/MavenRepository/org/apache/tomcat/embed/tomcat-embed-jasper/8.5.23/tomcat-embed-jasper-8.5.23.jar:/Users/jackfu/Documents/MavenRepository/org/eclipse/jdt/ecj/3.12.3/ecj-3.12.3.jar:/Users/jackfu/Documents/MavenRepository/org/apache/tomcat/embed/tomcat-embed-websocket/8.5.32/tomcat-embed-websocket-8.5.32.jar:/Users/jackfu/Documents/MavenRepository/junit/junit/4.13/junit-4.13.jar:/Users/jackfu/Documents/MavenRepository/org/hamcrest/hamcrest-core/1.3/hamcrest-core-1.3.jar:/Users/jackfu/Documents/MavenRepository/org/ow2/asm/asm/5.0.4/asm-5.0.4.jar:"/>
    <property name="sun.cpu.endian" value="little"/>
    <property name="user.home" value="/Users/jackfu"/>
    <property name="user.language" value="zh"/>
    <property name="java.specification.vendor" value="Oracle Corporation"/>
    <property name="java.home" value="/Library/Java/JavaVirtualMachines/jdk1.8.0_241.jdk/Contents/Home/jre"/>
    <property name="basedir" value="/Users/jackfu/IDEA-Lucky/lucky-noxml"/>
    <property name="file.separator" value="/"/>
    <property name="line.separator" value="&#10;"/>
    <property name="java.vm.specification.vendor" value="Oracle Corporation"/>
    <property name="java.specification.name" value="Java Platform API Specification"/>
    <property name="java.awt.graphicsenv" value="sun.awt.CGraphicsEnvironment"/>
    <property name="surefire.real.class.path" value="/Users/jackfu/IDEA-Lucky/lucky-noxml/target/surefire/surefirebooter5640897447131568895.jar"/>
    <property name="sun.boot.class.path" value="/Library/Java/JavaVirtualMachines/jdk1.8.0_241.jdk/Contents/Home/jre/lib/resources.jar:/Library/Java/JavaVirtualMachines/jdk1.8.0_241.jdk/Contents/Home/jre/lib/rt.jar:/Library/Java/JavaVirtualMachines/jdk1.8.0_241.jdk/Contents/Home/jre/lib/sunrsasign.jar:/Library/Java/JavaVirtualMachines/jdk1.8.0_241.jdk/Contents/Home/jre/lib/jsse.jar:/Library/Java/JavaVirtualMachines/jdk1.8.0_241.jdk/Contents/Home/jre/lib/jce.jar:/Library/Java/JavaVirtualMachines/jdk1.8.0_241.jdk/Contents/Home/jre/lib/charsets.jar:/Library/Java/JavaVirtualMachines/jdk1.8.0_241.jdk/Contents/Home/jre/lib/jfr.jar:/Library/Java/JavaVirtualMachines/jdk1.8.0_241.jdk/Contents/Home/jre/classes"/>
    <property name="sun.management.compiler" value="HotSpot 64-Bit Tiered Compilers"/>
    <property name="ftp.nonProxyHosts" value="local|*.local|169.254/16|*.169.254/16"/>
    <property name="java.runtime.version" value="1.8.0_241-b07"/>
    <property name="user.name" value="jackfu"/>
    <property name="path.separator" value=":"/>
    <property name="os.version" value="10.15.4"/>
    <property name="java.endorsed.dirs" value="/Library/Java/JavaVirtualMachines/jdk1.8.0_241.jdk/Contents/Home/jre/lib/endorsed"/>
    <property name="java.runtime.name" value="Java(TM) SE Runtime Environment"/>
    <property name="file.encoding" value="UTF-8"/>
    <property name="java.vm.name" value="Java HotSpot(TM) 64-Bit Server VM"/>
    <property name="localRepository" value="/Users/jackfu/Documents/MavenRepository"/>
    <property name="java.vendor.url.bug" value="http://bugreport.sun.com/bugreport/"/>
    <property name="java.io.tmpdir" value="/var/folders/4l/h75rx3x97t9_cm0hhy6fgmmr0000gn/T/"/>
    <property name="java.version" value="1.8.0_241"/>
    <property name="user.dir" value="/Users/jackfu/IDEA-Lucky/lucky-noxml"/>
    <property name="os.arch" value="x86_64"/>
    <property name="java.vm.specification.name" value="Java Virtual Machine Specification"/>
    <property name="java.awt.printerjob" value="sun.lwawt.macosx.CPrinterJob"/>
    <property name="sun.os.patch.level" value="unknown"/>
    <property name="idea.version2019.3.4" value="true"/>
    <property name="java.library.path" value="/Users/jackfu/Library/Java/Extensions:/Library/Java/Extensions:/Network/Library/Java/Extensions:/System/Library/Java/Extensions:/usr/lib/java:."/>
    <property name="java.vm.info" value="mixed mode"/>
    <property name="java.vendor" value="Oracle Corporation"/>
    <property name="java.vm.version" value="25.241-b07"/>
    <property name="java.ext.dirs" value="/Users/jackfu/Library/Java/Extensions:/Library/Java/JavaVirtualMachines/jdk1.8.0_241.jdk/Contents/Home/jre/lib/ext:/Library/Java/Extensions:/Network/Library/Java/Extensions:/System/Library/Java/Extensions:/usr/lib/java"/>
    <property name="sun.io.unicode.encoding" value="UnicodeBig"/>
    <property name="java.class.version" value="52.0"/>
    <property name="socksNonProxyHosts" value="local|*.local|169.254/16|*.169.254/16"/>
  </properties>
  <testcase name="shouldAnswerWithTrue" classname="com.lucky.jacklamb.AppTest" time="0.003"/>
</testsuite>